# JRE version: OpenJDK Runtime Environment (8.0_202-b03) (build 1.8.0_202-release-1483-b03)
# Java VM: OpenJDK 64-Bit Server VM (25.202-b03 mixed mode windows-amd64 compressed oops)
Heap:
 PSYoungGen      total 116224K, used 19856K [0x00000000e0000000, 0x00000000e7f80000, 0x0000000100000000)
  eden space 105984K, 9% used [0x00000000e0000000,0x00000000e099d4d0,0x00000000e6780000)
  from space 10240K, 97% used [0x00000000e7280000,0x00000000e7c46df0,0x00000000e7c80000)
  to   space 11264K, 0% used [0x00000000e6780000,0x00000000e6780000,0x00000000e7280000)
 ParOldGen       total 59392K, used 8353K [0x00000000a0000000, 0x00000000a3a00000, 0x00000000e0000000)
  object space 59392K, 14% used [0x00000000a0000000,0x00000000a08286a8,0x00000000a3a00000)
 Metaspace       used 33096K, capacity 34036K, committed 34304K, reserved 1079296K
  class space    used 4569K, capacity 4783K, committed 4864K, reserved 1048576K
GC Heap History (10 events):
Event: 7.291 GC heap before
{Heap before GC invocations=5 (full 0):
 PSYoungGen      total 38400K, used 38384K [0x00000000e0000000, 0x00000000e4b00000, 0x0000000100000000)
  eden space 33280K, 100% used [0x00000000e0000000,0x00000000e2080000,0x00000000e2080000)
  from space 5120K, 99% used [0x00000000e2580000,0x00000000e2a7c050,0x00000000e2a80000)
  to   space 5120K, 0% used [0x00000000e2080000,0x00000000e2080000,0x00000000e2580000)
 ParOldGen       total 87552K, used 5191K [0x00000000a0000000, 0x00000000a5580000, 0x00000000e0000000)
  object space 87552K, 5% used [0x00000000a0000000,0x00000000a0511eb0,0x00000000a5580000)
 Metaspace       used 19139K, capacity 19650K, committed 19968K, reserved 1067008K
  class space    used 2787K, capacity 2961K, committed 3072K, reserved 1048576K
Event: 7.306 GC heap after
Heap after GC invocations=5 (full 0):
 PSYoungGen      total 38400K, used 5108K [0x00000000e0000000, 0x00000000e5600000, 0x0000000100000000)
  eden space 33280K, 0% used [0x00000000e0000000,0x00000000e0000000,0x00000000e2080000)
  from space 5120K, 99% used [0x00000000e2080000,0x00000000e257d040,0x00000000e2580000)
  to   space 10752K, 0% used [0x00000000e4b80000,0x00000000e4b80000,0x00000000e5600000)
 ParOldGen       total 87552K, used 9076K [0x00000000a0000000, 0x00000000a5580000, 0x00000000e0000000)
  object space 87552K, 10% used [0x00000000a0000000,0x00000000a08dd0e0,0x00000000a5580000)
 Metaspace       used 19139K, capacity 19650K, committed 19968K, reserved 1067008K
  class space    used 2787K, capacity 2961K, committed 3072K, reserved 1048576K
}
Event: 7.607 GC heap before
{Heap before GC invocations=6 (full 0):
 PSYoungGen      total 38400K, used 16372K [0x00000000e0000000, 0x00000000e5600000, 0x0000000100000000)
  eden space 33280K, 33% used [0x00000000e0000000,0x00000000e0b000a0,0x00000000e2080000)
  from space 5120K, 99% used [0x00000000e2080000,0x00000000e257d040,0x00000000e2580000)
  to   space 10752K, 0% used [0x00000000e4b80000,0x00000000e4b80000,0x00000000e5600000)
 ParOldGen       total 87552K, used 9076K [0x00000000a0000000, 0x00000000a5580000, 0x00000000e0000000)
  object space 87552K, 10% used [0x00000000a0000000,0x00000000a08dd0e0,0x00000000a5580000)
 Metaspace       used 20677K, capacity 21168K, committed 21296K, reserved 1067008K
  class space    used 2956K, capacity 3125K, committed 3200K, reserved 1048576K
Event: 7.623 GC heap after
Heap after GC invocations=6 (full 0):
 PSYoungGen      total 76288K, used 6777K [0x00000000e0000000, 0x00000000e5500000, 0x0000000100000000)
  eden space 66560K, 0% used [0x00000000e0000000,0x00000000e0000000,0x00000000e4100000)
  from space 9728K, 69% used [0x00000000e4b80000,0x00000000e521e608,0x00000000e5500000)
  to   space 10240K, 0% used [0x00000000e4100000,0x00000000e4100000,0x00000000e4b00000)
 ParOldGen       total 87552K, used 9084K [0x00000000a0000000, 0x00000000a5580000, 0x00000000e0000000)
  object space 87552K, 10% used [0x00000000a0000000,0x00000000a08df0e0,0x00000000a5580000)
 Metaspace       used 20677K, capacity 21168K, committed 21296K, reserved 1067008K
  class space    used 2956K, capacity 3125K, committed 3200K, reserved 1048576K
}
Event: 7.623 GC heap before
{Heap before GC invocations=7 (full 1):
 PSYoungGen      total 76288K, used 6777K [0x00000000e0000000, 0x00000000e5500000, 0x0000000100000000)
  eden space 66560K, 0% used [0x00000000e0000000,0x00000000e0000000,0x00000000e4100000)
  from space 9728K, 69% used [0x00000000e4b80000,0x00000000e521e608,0x00000000e5500000)
  to   space 10240K, 0% used [0x00000000e4100000,0x00000000e4100000,0x00000000e4b00000)
 ParOldGen       total 87552K, used 9084K [0x00000000a0000000, 0x00000000a5580000, 0x00000000e0000000)
  object space 87552K, 10% used [0x00000000a0000000,0x00000000a08df0e0,0x00000000a5580000)
 Metaspace       used 20677K, capacity 21168K, committed 21296K, reserved 1067008K
  class space    used 2956K, capacity 3125K, committed 3200K, reserved 1048576K
Event: 7.718 GC heap after
Heap after GC invocations=7 (full 1):
 PSYoungGen      total 76288K, used 0K [0x00000000e0000000, 0x00000000e5500000, 0x0000000100000000)
  eden space 66560K, 0% used [0x00000000e0000000,0x00000000e0000000,0x00000000e4100000)
  from space 9728K, 0% used [0x00000000e4b80000,0x00000000e4b80000,0x00000000e5500000)
  to   space 10240K, 0% used [0x00000000e4100000,0x00000000e4100000,0x00000000e4b00000)
 ParOldGen       total 59392K, used 8337K [0x00000000a0000000, 0x00000000a3a00000, 0x00000000e0000000)
  object space 59392K, 14% used [0x00000000a0000000,0x00000000a08246a8,0x00000000a3a00000)
 Metaspace       used 20677K, capacity 21168K, committed 21296K, reserved 1067008K
  class space    used 2956K, capacity 3125K, committed 3200K, reserved 1048576K
}
Event: 9.518 GC heap before
{Heap before GC invocations=8 (full 1):
 PSYoungGen      total 76288K, used 66560K [0x00000000e0000000, 0x00000000e5500000, 0x0000000100000000)
  eden space 66560K, 100% used [0x00000000e0000000,0x00000000e4100000,0x00000000e4100000)
  from space 9728K, 0% used [0x00000000e4b80000,0x00000000e4b80000,0x00000000e5500000)
  to   space 10240K, 0% used [0x00000000e4100000,0x00000000e4100000,0x00000000e4b00000)
 ParOldGen       total 59392K, used 8337K [0x00000000a0000000, 0x00000000a3a00000, 0x00000000e0000000)
  object space 59392K, 14% used [0x00000000a0000000,0x00000000a08246a8,0x00000000a3a00000)
 Metaspace       used 28270K, capacity 28824K, committed 28928K, reserved 1075200K
  class space    used 3900K, capacity 4095K, committed 4096K, reserved 1048576K
Event: 9.543 GC heap after
Heap after GC invocations=8 (full 1):
 PSYoungGen      total 76800K, used 7637K [0x00000000e0000000, 0x00000000e7c80000, 0x0000000100000000)
  eden space 66560K, 0% used [0x00000000e0000000,0x00000000e0000000,0x00000000e4100000)
  from space 10240K, 74% used [0x00000000e4100000,0x00000000e48755a8,0x00000000e4b00000)
  to   space 10240K, 0% used [0x00000000e7280000,0x00000000e7280000,0x00000000e7c80000)
 ParOldGen       total 59392K, used 8345K [0x00000000a0000000, 0x00000000a3a00000, 0x00000000e0000000)
  object space 59392K, 14% used [0x00000000a0000000,0x00000000a08266a8,0x00000000a3a00000)
 Metaspace       used 28270K, capacity 28824K, committed 28928K, reserved 1075200K
  class space    used 3900K, capacity 4095K, committed 4096K, reserved 1048576K
}
Event: 13.687 GC heap before
{Heap before GC invocations=9 (full 1):
 PSYoungGen      total 76800K, used 74197K [0x00000000e0000000, 0x00000000e7c80000, 0x0000000100000000)
  eden space 66560K, 100% used [0x00000000e0000000,0x00000000e4100000,0x00000000e4100000)
  from space 10240K, 74% used [0x00000000e4100000,0x00000000e48755a8,0x00000000e4b00000)
  to   space 10240K, 0% used [0x00000000e7280000,0x00000000e7280000,0x00000000e7c80000)
 ParOldGen       total 59392K, used 8345K [0x00000000a0000000, 0x00000000a3a00000, 0x00000000e0000000)
  object space 59392K, 14% used [0x00000000a0000000,0x00000000a08266a8,0x00000000a3a00000)
 Metaspace       used 32542K, capacity 33304K, committed 33408K, reserved 1077248K
  class space    used 4473K, capacity 4697K, committed 4736K, reserved 1048576K
Event: 13.786 GC heap after
Heap after GC invocations=9 (full 1):
 PSYoungGen      total 116224K, used 10011K [0x00000000e0000000, 0x00000000e7f80000, 0x0000000100000000)
  eden space 105984K, 0% used [0x00000000e0000000,0x00000000e0000000,0x00000000e6780000)
  from space 10240K, 97% used [0x00000000e7280000,0x00000000e7c46df0,0x00000000e7c80000)
  to   space 11264K, 0% used [0x00000000e6780000,0x00000000e6780000,0x00000000e7280000)
 ParOldGen       total 59392K, used 8353K [0x00000000a0000000, 0x00000000a3a00000, 0x00000000e0000000)
  object space 59392K, 14% used [0x00000000a0000000,0x00000000a08286a8,0x00000000a3a00000)
 Metaspace       used 32542K, capacity 33304K, committed 33408K, reserved 1077248K
  class space    used 4473K, capacity 4697K, committed 4736K, reserved 1048576K
}

