# JRE version: OpenJDK Runtime Environment (8.0_202-b03) (build 1.8.0_202-release-1483-b03)
# Java VM: OpenJDK 64-Bit Server VM (25.202-b03 mixed mode windows-amd64 compressed oops)
Heap:
 PSYoungGen      total 236032K, used 42595K [0x00000000e0000000, 0x00000000efe00000, 0x0000000100000000)
  eden space 211968K, 18% used [0x00000000e0000000,0x00000000e2560408,0x00000000ecf00000)
  from space 24064K, 17% used [0x00000000ecf00000,0x00000000ed338820,0x00000000ee680000)
  to   space 20992K, 0% used [0x00000000ee980000,0x00000000ee980000,0x00000000efe00000)
 ParOldGen       total 125440K, used 50048K [0x00000000a0000000, 0x00000000a7a80000, 0x00000000e0000000)
  object space 125440K, 39% used [0x00000000a0000000,0x00000000a30e0190,0x00000000a7a80000)
 Metaspace       used 74761K, capacity 77330K, committed 77528K, reserved 1116160K
  class space    used 9690K, capacity 10234K, committed 10240K, reserved 1048576K
GC Heap History (10 events):
Event: 31.472 GC heap before
{Heap before GC invocations=14 (full 2):
 PSYoungGen      total 167424K, used 47232K [0x00000000e0000000, 0x00000000ed280000, 0x0000000100000000)
  eden space 153088K, 21% used [0x00000000e0000000,0x00000000e20281b0,0x00000000e9580000)
  from space 14336K, 99% used [0x00000000e9580000,0x00000000ea378218,0x00000000ea380000)
  to   space 18944K, 0% used [0x00000000ec000000,0x00000000ec000000,0x00000000ed280000)
 ParOldGen       total 86528K, used 28447K [0x00000000a0000000, 0x00000000a5480000, 0x00000000e0000000)
  object space 86528K, 32% used [0x00000000a0000000,0x00000000a1bc7f28,0x00000000a5480000)
 Metaspace       used 57341K, capacity 58992K, committed 59028K, reserved 1099776K
  class space    used 7766K, capacity 8171K, committed 8192K, reserved 1048576K
Event: 31.553 GC heap after
Heap after GC invocations=14 (full 2):
 PSYoungGen      total 196608K, used 3296K [0x00000000e0000000, 0x00000000ee980000, 0x0000000100000000)
  eden space 177664K, 0% used [0x00000000e0000000,0x00000000e0000000,0x00000000ead80000)
  from space 18944K, 17% used [0x00000000ec000000,0x00000000ec338000,0x00000000ed280000)
  to   space 18944K, 0% used [0x00000000ead80000,0x00000000ead80000,0x00000000ec000000)
 ParOldGen       total 86528K, used 34729K [0x00000000a0000000, 0x00000000a5480000, 0x00000000e0000000)
  object space 86528K, 40% used [0x00000000a0000000,0x00000000a21ea400,0x00000000a5480000)
 Metaspace       used 57341K, capacity 58992K, committed 59028K, reserved 1099776K
  class space    used 7766K, capacity 8171K, committed 8192K, reserved 1048576K
}
Event: 31.553 GC heap before
{Heap before GC invocations=15 (full 3):
 PSYoungGen      total 196608K, used 3296K [0x00000000e0000000, 0x00000000ee980000, 0x0000000100000000)
  eden space 177664K, 0% used [0x00000000e0000000,0x00000000e0000000,0x00000000ead80000)
  from space 18944K, 17% used [0x00000000ec000000,0x00000000ec338000,0x00000000ed280000)
  to   space 18944K, 0% used [0x00000000ead80000,0x00000000ead80000,0x00000000ec000000)
 ParOldGen       total 86528K, used 34729K [0x00000000a0000000, 0x00000000a5480000, 0x00000000e0000000)
  object space 86528K, 40% used [0x00000000a0000000,0x00000000a21ea400,0x00000000a5480000)
 Metaspace       used 57341K, capacity 58992K, committed 59028K, reserved 1099776K
  class space    used 7766K, capacity 8171K, committed 8192K, reserved 1048576K
Event: 32.250 GC heap after
Heap after GC invocations=15 (full 3):
 PSYoungGen      total 196608K, used 0K [0x00000000e0000000, 0x00000000ee980000, 0x0000000100000000)
  eden space 177664K, 0% used [0x00000000e0000000,0x00000000e0000000,0x00000000ead80000)
  from space 18944K, 0% used [0x00000000ec000000,0x00000000ec000000,0x00000000ed280000)
  to   space 18944K, 0% used [0x00000000ead80000,0x00000000ead80000,0x00000000ec000000)
 ParOldGen       total 125440K, used 32186K [0x00000000a0000000, 0x00000000a7a80000, 0x00000000e0000000)
  object space 125440K, 25% used [0x00000000a0000000,0x00000000a1f6e8e8,0x00000000a7a80000)
 Metaspace       used 57326K, capacity 58948K, committed 59028K, reserved 1099776K
  class space    used 7762K, capacity 8163K, committed 8192K, reserved 1048576K
}
Event: 568.462 GC heap before
{Heap before GC invocations=16 (full 3):
 PSYoungGen      total 196608K, used 177664K [0x00000000e0000000, 0x00000000ee980000, 0x0000000100000000)
  eden space 177664K, 100% used [0x00000000e0000000,0x00000000ead80000,0x00000000ead80000)
  from space 18944K, 0% used [0x00000000ec000000,0x00000000ec000000,0x00000000ed280000)
  to   space 18944K, 0% used [0x00000000ead80000,0x00000000ead80000,0x00000000ec000000)
 ParOldGen       total 125440K, used 32186K [0x00000000a0000000, 0x00000000a7a80000, 0x00000000e0000000)
  object space 125440K, 25% used [0x00000000a0000000,0x00000000a1f6e8e8,0x00000000a7a80000)
 Metaspace       used 67823K, capacity 70128K, committed 70360K, reserved 1110016K
  class space    used 8942K, capacity 9431K, committed 9472K, reserved 1048576K
Event: 568.502 GC heap after
Heap after GC invocations=16 (full 3):
 PSYoungGen      total 196608K, used 16370K [0x00000000e0000000, 0x00000000efe00000, 0x0000000100000000)
  eden space 177664K, 0% used [0x00000000e0000000,0x00000000e0000000,0x00000000ead80000)
  from space 18944K, 86% used [0x00000000ead80000,0x00000000ebd7ca50,0x00000000ec000000)
  to   space 20992K, 0% used [0x00000000ee980000,0x00000000ee980000,0x00000000efe00000)
 ParOldGen       total 125440K, used 32194K [0x00000000a0000000, 0x00000000a7a80000, 0x00000000e0000000)
  object space 125440K, 25% used [0x00000000a0000000,0x00000000a1f708e8,0x00000000a7a80000)
 Metaspace       used 67823K, capacity 70128K, committed 70360K, reserved 1110016K
  class space    used 8942K, capacity 9431K, committed 9472K, reserved 1048576K
}
Event: 613.203 GC heap before
{Heap before GC invocations=17 (full 3):
 PSYoungGen      total 196608K, used 194034K [0x00000000e0000000, 0x00000000efe00000, 0x0000000100000000)
  eden space 177664K, 100% used [0x00000000e0000000,0x00000000ead80000,0x00000000ead80000)
  from space 18944K, 86% used [0x00000000ead80000,0x00000000ebd7ca50,0x00000000ec000000)
  to   space 20992K, 0% used [0x00000000ee980000,0x00000000ee980000,0x00000000efe00000)
 ParOldGen       total 125440K, used 32194K [0x00000000a0000000, 0x00000000a7a80000, 0x00000000e0000000)
  object space 125440K, 25% used [0x00000000a0000000,0x00000000a1f708e8,0x00000000a7a80000)
 Metaspace       used 74330K, capacity 76904K, committed 77016K, reserved 1116160K
  class space    used 9685K, capacity 10229K, committed 10240K, reserved 1048576K
Event: 613.271 GC heap after
Heap after GC invocations=17 (full 3):
 PSYoungGen      total 232960K, used 20988K [0x00000000e0000000, 0x00000000efe00000, 0x0000000100000000)
  eden space 211968K, 0% used [0x00000000e0000000,0x00000000e0000000,0x00000000ecf00000)
  from space 20992K, 99% used [0x00000000ee980000,0x00000000efdff270,0x00000000efe00000)
  to   space 24064K, 0% used [0x00000000ecf00000,0x00000000ecf00000,0x00000000ee680000)
 ParOldGen       total 125440K, used 33061K [0x00000000a0000000, 0x00000000a7a80000, 0x00000000e0000000)
  object space 125440K, 26% used [0x00000000a0000000,0x00000000a2049788,0x00000000a7a80000)
 Metaspace       used 74330K, capacity 76904K, committed 77016K, reserved 1116160K
  class space    used 9685K, capacity 10229K, committed 10240K, reserved 1048576K
}
Event: 647.884 GC heap before
{Heap before GC invocations=18 (full 3):
 PSYoungGen      total 232960K, used 232956K [0x00000000e0000000, 0x00000000efe00000, 0x0000000100000000)
  eden space 211968K, 100% used [0x00000000e0000000,0x00000000ecf00000,0x00000000ecf00000)
  from space 20992K, 99% used [0x00000000ee980000,0x00000000efdff270,0x00000000efe00000)
  to   space 24064K, 0% used [0x00000000ecf00000,0x00000000ecf00000,0x00000000ee680000)
 ParOldGen       total 125440K, used 33061K [0x00000000a0000000, 0x00000000a7a80000, 0x00000000e0000000)
  object space 125440K, 26% used [0x00000000a0000000,0x00000000a2049788,0x00000000a7a80000)
 Metaspace       used 74662K, capacity 77242K, committed 77272K, reserved 1116160K
  class space    used 9686K, capacity 10230K, committed 10240K, reserved 1048576K
Event: 647.961 GC heap after
Heap after GC invocations=18 (full 3):
 PSYoungGen      total 236032K, used 4322K [0x00000000e0000000, 0x00000000efe00000, 0x0000000100000000)
  eden space 211968K, 0% used [0x00000000e0000000,0x00000000e0000000,0x00000000ecf00000)
  from space 24064K, 17% used [0x00000000ecf00000,0x00000000ed338820,0x00000000ee680000)
  to   space 20992K, 0% used [0x00000000ee980000,0x00000000ee980000,0x00000000efe00000)
 ParOldGen       total 125440K, used 50048K [0x00000000a0000000, 0x00000000a7a80000, 0x00000000e0000000)
  object space 125440K, 39% used [0x00000000a0000000,0x00000000a30e0190,0x00000000a7a80000)
 Metaspace       used 74662K, capacity 77242K, committed 77272K, reserved 1116160K
  class space    used 9686K, capacity 10230K, committed 10240K, reserved 1048576K
}

